{"level":"warn","message":"thehindu,[object Object] is not a valid facebook page","timestamp":"2015-12-28T07:38:13.998Z"}
{"level":"warn","message":"Request failed for facebook page thehindu,[object Object]","timestamp":"2015-12-28T07:38:14.004Z"}
{"level":"warn","message":"Request failed for facebook page ,Error: Nock: No match for request GET https://graph.facebook.com/v2.5/null/posts?fields=link,message,picture,name,caption,place,tags,privacy,created_time&access_token=test_token&appsecret_proof=test_secret_proof ","timestamp":"2015-12-28T07:38:14.007Z"}
{"level":"warn","message":"Request failed for facebook page ,Error: Nock: No match for request GET https://graph.facebook.com/v2.5/null/posts?fields=link,message,picture,name,caption,place,tags,privacy,created_time&access_token=test_token&appsecret_proof=8ee5334f73c4ce65222ea24f0ead4c75506fe104558cd154148df501cae6b7f3 ","timestamp":"2015-12-28T07:38:14.020Z"}
{"level":"warn","message":"http://www.google.com/users,Not a feed is not a proper feed","timestamp":"2015-12-28T07:38:14.216Z"}
{"level":"warn","message":"Request failed for http://www.test1.com/cricket/,Error: Nock: No match for request GET http://www.test1.com/cricket/ ","timestamp":"2015-12-28T07:38:14.224Z"}
{"level":"warn","message":"Request failed for http://www.test1.com/cricket/,Error: Nock: No match for request GET http://www.test1.com/cricket/ ","timestamp":"2015-12-28T07:38:14.226Z"}
{"level":"warn","message":"myTest, is not a valid twitter handler","timestamp":"2015-12-28T07:38:14.236Z"}
{"level":"warn","message":"myTest, is not a valid twitter handler","timestamp":"2015-12-28T07:38:14.239Z"}
{"level":"warn","message":"Request failed for twitter handler myTest1,Error: request failed","timestamp":"2015-12-28T07:38:14.241Z"}
{"level":"warn","message":"thehindu,[object Object] is not a valid facebook page","timestamp":"2015-12-28T08:52:18.453Z"}
{"level":"warn","message":"Request failed for facebook page thehindu,[object Object]","timestamp":"2015-12-28T08:52:18.458Z"}
{"level":"warn","message":"Request failed for facebook page ,Error: Nock: No match for request GET https://graph.facebook.com/v2.5/null/posts?fields=link,message,picture,name,caption,place,tags,privacy,created_time&access_token=test_token&appsecret_proof=test_secret_proof ","timestamp":"2015-12-28T08:52:18.461Z"}
{"level":"warn","message":"Request failed for facebook page ,Error: Nock: No match for request GET https://graph.facebook.com/v2.5/null/posts?fields=link,message,picture,name,caption,place,tags,privacy,created_time&access_token=test_token&appsecret_proof=8ee5334f73c4ce65222ea24f0ead4c75506fe104558cd154148df501cae6b7f3 ","timestamp":"2015-12-28T08:52:18.467Z"}
{"level":"warn","message":"http://www.google.com/users,Not a feed is not a proper feed","timestamp":"2015-12-28T08:52:18.668Z"}
{"level":"warn","message":"Request failed for http://www.test1.com/cricket/,Error: Nock: No match for request GET http://www.test1.com/cricket/ ","timestamp":"2015-12-28T08:52:18.676Z"}
{"level":"warn","message":"Request failed for http://www.test1.com/cricket/,Error: Nock: No match for request GET http://www.test1.com/cricket/ ","timestamp":"2015-12-28T08:52:18.677Z"}
{"level":"warn","message":"thehindu,[object Object] is not a valid facebook page","timestamp":"2015-12-28T08:53:02.890Z"}
{"level":"warn","message":"Request failed for facebook page thehindu,[object Object]","timestamp":"2015-12-28T08:53:02.895Z"}
{"level":"warn","message":"Request failed for facebook page ,Error: Nock: No match for request GET https://graph.facebook.com/v2.5/null/posts?fields=link,message,picture,name,caption,place,tags,privacy,created_time&access_token=test_token&appsecret_proof=test_secret_proof ","timestamp":"2015-12-28T08:53:02.898Z"}
{"level":"warn","message":"Request failed for facebook page ,Error: Nock: No match for request GET https://graph.facebook.com/v2.5/null/posts?fields=link,message,picture,name,caption,place,tags,privacy,created_time&access_token=test_token&appsecret_proof=8ee5334f73c4ce65222ea24f0ead4c75506fe104558cd154148df501cae6b7f3 ","timestamp":"2015-12-28T08:53:02.903Z"}
{"level":"warn","message":"http://www.google.com/users,Not a feed is not a proper feed","timestamp":"2015-12-28T08:53:03.104Z"}
{"level":"warn","message":"Request failed for http://www.test1.com/cricket/,Error: Nock: No match for request GET http://www.test1.com/cricket/ ","timestamp":"2015-12-28T08:53:03.112Z"}
{"level":"warn","message":"Request failed for http://www.test1.com/cricket/,Error: Nock: No match for request GET http://www.test1.com/cricket/ ","timestamp":"2015-12-28T08:53:03.114Z"}
{"level":"warn","message":"myTest, is not a valid twitter handler","timestamp":"2015-12-28T08:53:03.122Z"}
{"level":"warn","message":"myTest, is not a valid twitter handler","timestamp":"2015-12-28T08:53:03.125Z"}
{"level":"warn","message":"Request failed for twitter handler myTest1,Error: request failed","timestamp":"2015-12-28T08:53:03.127Z"}
{"level":"warn","message":"thehindu,[object Object] is not a valid facebook page","timestamp":"2015-12-28T08:53:30.969Z"}
{"level":"warn","message":"Request failed for facebook page thehindu,[object Object]","timestamp":"2015-12-28T08:53:30.975Z"}
{"level":"warn","message":"Request failed for facebook page ,Error: Nock: No match for request GET https://graph.facebook.com/v2.5/null/posts?fields=link,message,picture,name,caption,place,tags,privacy,created_time&access_token=test_token&appsecret_proof=test_secret_proof ","timestamp":"2015-12-28T08:53:30.977Z"}
{"level":"warn","message":"Request failed for facebook page ,Error: Nock: No match for request GET https://graph.facebook.com/v2.5/null/posts?fields=link,message,picture,name,caption,place,tags,privacy,created_time&access_token=test_token&appsecret_proof=8ee5334f73c4ce65222ea24f0ead4c75506fe104558cd154148df501cae6b7f3 ","timestamp":"2015-12-28T08:53:30.986Z"}
{"level":"warn","message":"http://www.google.com/users,Not a feed is not a proper feed","timestamp":"2015-12-28T08:53:31.196Z"}
{"level":"warn","message":"Request failed for http://www.test1.com/cricket/,Error: Nock: No match for request GET http://www.test1.com/cricket/ ","timestamp":"2015-12-28T08:53:31.205Z"}
{"level":"warn","message":"Request failed for http://www.test1.com/cricket/,Error: Nock: No match for request GET http://www.test1.com/cricket/ ","timestamp":"2015-12-28T08:53:31.206Z"}
{"level":"warn","message":"myTest, is not a valid twitter handler","timestamp":"2015-12-28T08:53:31.215Z"}
{"level":"warn","message":"myTest, is not a valid twitter handler","timestamp":"2015-12-28T08:53:31.218Z"}
{"level":"warn","message":"Request failed for twitter handler myTest1,Error: request failed","timestamp":"2015-12-28T08:53:31.220Z"}
{"level":"warn","message":"thehindu,[object Object] is not a valid facebook page","timestamp":"2015-12-28T09:08:44.031Z"}
{"level":"warn","message":"Request failed for facebook page thehindu,[object Object]","timestamp":"2015-12-28T09:08:44.036Z"}
{"level":"warn","message":"Request failed for facebook page ,Error: Nock: No match for request GET https://graph.facebook.com/v2.5/null/posts?fields=link,message,picture,name,caption,place,tags,privacy,created_time&access_token=test_token&appsecret_proof=test_secret_proof ","timestamp":"2015-12-28T09:08:44.039Z"}
{"level":"warn","message":"Request failed for facebook page ,Error: Nock: No match for request GET https://graph.facebook.com/v2.5/null/posts?fields=link,message,picture,name,caption,place,tags,privacy,created_time&access_token=test_token&appsecret_proof=8ee5334f73c4ce65222ea24f0ead4c75506fe104558cd154148df501cae6b7f3 ","timestamp":"2015-12-28T09:08:44.046Z"}
{"level":"warn","message":"http://www.google.com/users,Not a feed is not a proper feed","timestamp":"2015-12-28T09:08:44.236Z"}
{"level":"warn","message":"Request failed for http://www.test1.com/cricket/,Error: Nock: No match for request GET http://www.test1.com/cricket/ ","timestamp":"2015-12-28T09:08:44.243Z"}
{"level":"warn","message":"Request failed for http://www.test1.com/cricket/,Error: Nock: No match for request GET http://www.test1.com/cricket/ ","timestamp":"2015-12-28T09:08:44.244Z"}
{"level":"warn","message":"myTest, is not a valid twitter handler","timestamp":"2015-12-28T09:08:44.254Z"}
{"level":"warn","message":"myTest, is not a valid twitter handler","timestamp":"2015-12-28T09:08:44.257Z"}
{"level":"warn","message":"Request failed for twitter handler myTest1,Error: request failed","timestamp":"2015-12-28T09:08:44.259Z"}
{"level":"warn","message":"thehindu,[object Object] is not a valid facebook page","timestamp":"2015-12-28T09:09:26.905Z"}
{"level":"warn","message":"Request failed for facebook page thehindu,[object Object]","timestamp":"2015-12-28T09:09:26.909Z"}
{"level":"warn","message":"Request failed for facebook page ,Error: Nock: No match for request GET https://graph.facebook.com/v2.5/null/posts?fields=link,message,picture,name,caption,place,tags,privacy,created_time&access_token=test_token&appsecret_proof=test_secret_proof ","timestamp":"2015-12-28T09:09:26.912Z"}
{"level":"warn","message":"Request failed for facebook page ,Error: Nock: No match for request GET https://graph.facebook.com/v2.5/null/posts?fields=link,message,picture,name,caption,place,tags,privacy,created_time&access_token=test_token&appsecret_proof=8ee5334f73c4ce65222ea24f0ead4c75506fe104558cd154148df501cae6b7f3 ","timestamp":"2015-12-28T09:09:26.916Z"}
{"level":"warn","message":"http://www.google.com/users,Not a feed is not a proper feed","timestamp":"2015-12-28T09:09:27.086Z"}
{"level":"warn","message":"Request failed for http://www.test1.com/cricket/,Error: Nock: No match for request GET http://www.test1.com/cricket/ ","timestamp":"2015-12-28T09:09:27.095Z"}
{"level":"warn","message":"Request failed for http://www.test1.com/cricket/,Error: Nock: No match for request GET http://www.test1.com/cricket/ ","timestamp":"2015-12-28T09:09:27.096Z"}
{"level":"warn","message":"myTest, is not a valid twitter handler","timestamp":"2015-12-28T09:09:27.104Z"}
{"level":"warn","message":"myTest, is not a valid twitter handler","timestamp":"2015-12-28T09:09:27.106Z"}
{"level":"warn","message":"Request failed for twitter handler myTest1,Error: request failed","timestamp":"2015-12-28T09:09:27.108Z"}
{"level":"warn","message":"thehindu,[object Object] is not a valid facebook page","timestamp":"2015-12-28T09:22:58.956Z"}
{"level":"warn","message":"Request failed for facebook page thehindu,[object Object]","timestamp":"2015-12-28T09:22:58.960Z"}
{"level":"warn","message":"Request failed for facebook page ,Error: Nock: No match for request GET https://graph.facebook.com/v2.5/null/posts?fields=link,message,picture,name,caption,place,tags,privacy,created_time&access_token=test_token&appsecret_proof=test_secret_proof ","timestamp":"2015-12-28T09:22:58.969Z"}
{"level":"warn","message":"Request failed for facebook page ,Error: Nock: No match for request GET https://graph.facebook.com/v2.5/null/posts?fields=link,message,picture,name,caption,place,tags,privacy,created_time&access_token=test_token&appsecret_proof=8ee5334f73c4ce65222ea24f0ead4c75506fe104558cd154148df501cae6b7f3 ","timestamp":"2015-12-28T09:22:58.973Z"}
{"level":"warn","message":"http://www.google.com/users,Not a feed is not a proper feed","timestamp":"2015-12-28T09:22:59.148Z"}
{"level":"warn","message":"Request failed for http://www.test1.com/cricket/,Error: Nock: No match for request GET http://www.test1.com/cricket/ ","timestamp":"2015-12-28T09:22:59.155Z"}
{"level":"warn","message":"Request failed for http://www.test1.com/cricket/,Error: Nock: No match for request GET http://www.test1.com/cricket/ ","timestamp":"2015-12-28T09:22:59.156Z"}
{"level":"warn","message":"myTest, is not a valid twitter handler","timestamp":"2015-12-28T09:22:59.163Z"}
{"level":"warn","message":"myTest, is not a valid twitter handler","timestamp":"2015-12-28T09:22:59.166Z"}
{"level":"warn","message":"Request failed for twitter handler myTest1,Error: request failed","timestamp":"2015-12-28T09:22:59.168Z"}
{"level":"warn","message":"http://www.google.com/users,Not a feed is not a proper feed","timestamp":"2016-01-06T20:15:29.302Z"}
{"level":"warn","message":"Request failed for http://www.test1.com/cricket/,Error: Nock: No match for request GET http://www.test1.com/cricket/ ","timestamp":"2016-01-06T20:15:29.312Z"}
{"level":"warn","message":"Request failed for http://www.test1.com/cricket/,Error: Nock: No match for request GET http://www.test1.com/cricket/ ","timestamp":"2016-01-06T20:15:29.317Z"}
{"level":"warn","message":"myTest, is not a valid twitter handler","timestamp":"2016-01-06T20:15:29.345Z"}
{"level":"warn","message":"myTest, is not a valid twitter handler","timestamp":"2016-01-06T20:15:29.351Z"}
{"level":"warn","message":"Request failed for twitter handler myTest1,Error: request failed","timestamp":"2016-01-06T20:15:29.356Z"}
